2018-09-10 13:55:03,819:INFO:MainThread:Nick_Bot running!
2018-09-10 13:55:13,006:INFO:MainThread:Received command: test in channel: GCQLT28FP
2018-09-10 13:55:13,006:INFO:MainThread:Reponded with 
None.
2018-09-10 13:58:55,341:WARNING:MainThread:Received signal: 2
2018-09-10 13:58:55,341:INFO:MainThread:Shutting Down! Nick_Bot uptime: 231.521869183 seconds.
2018-09-10 13:59:18,984:INFO:MainThread:Received command: 42 in channel: channel
2018-09-10 13:59:18,984:INFO:MainThread:Reponded with 
Life, the Universe, and Everything.
2018-09-10 13:59:19,135:INFO:MainThread:Received command: top10movies in channel: channel
2018-09-10 13:59:19,904:INFO:MainThread:Reponded with 
The Shawshank Redemption
The Godfather
The Godfather: Part II
The Dark Knight
12 Angry Men
Schindler's List
The Lord of the Rings: The Return of the King
Pulp Fiction
The Good, the Bad and the Ugly
Fight Club.
2018-09-10 13:59:20,039:INFO:MainThread:Received command: worst10movies in channel: channel
2018-09-10 13:59:20,626:INFO:MainThread:Reponded with 
Fifty Shades of Grey
Furry Vengeance
RoboCop 3
Book of Shadows: Blair Witch 2
Plan 9 from Outer Space
Super Mario Bros.
One Missed Call
Extreme Movie
The Oogieloves in the Big Balloon Adventure
Material Girls.
2018-09-10 13:59:44,666:INFO:MainThread:Received command: 42 in channel: channel
2018-09-10 13:59:44,666:INFO:MainThread:Reponded with 
Life, the Universe, and Everything.
2018-09-10 13:59:44,817:INFO:MainThread:Received command: top10movies in channel: channel
2018-09-10 13:59:45,515:INFO:MainThread:Reponded with 
The Shawshank Redemption
The Godfather
The Godfather: Part II
The Dark Knight
12 Angry Men
Schindler's List
The Lord of the Rings: The Return of the King
Pulp Fiction
The Good, the Bad and the Ugly
Fight Club.
2018-09-10 13:59:45,654:INFO:MainThread:Received command: worst10movies in channel: channel
2018-09-10 13:59:46,113:INFO:MainThread:Reponded with 
Fifty Shades of Grey
Furry Vengeance
RoboCop 3
Book of Shadows: Blair Witch 2
Plan 9 from Outer Space
Super Mario Bros.
One Missed Call
Extreme Movie
The Oogieloves in the Big Balloon Adventure
Material Girls.
2018-09-10 13:59:46,746:INFO:MainThread:Received command: 42 in channel: channel
2018-09-10 13:59:46,746:INFO:MainThread:Reponded with 
Life, the Universe, and Everything.
2018-09-10 13:59:46,901:INFO:MainThread:Received command: top10movies in channel: channel
2018-09-10 13:59:47,624:INFO:MainThread:Reponded with 
The Shawshank Redemption
The Godfather
The Godfather: Part II
The Dark Knight
12 Angry Men
Schindler's List
The Lord of the Rings: The Return of the King
Pulp Fiction
The Good, the Bad and the Ugly
Fight Club.
2018-09-10 13:59:47,756:INFO:MainThread:Received command: worst10movies in channel: channel
2018-09-10 13:59:48,346:INFO:MainThread:Reponded with 
Fifty Shades of Grey
Furry Vengeance
RoboCop 3
Book of Shadows: Blair Witch 2
Plan 9 from Outer Space
Super Mario Bros.
One Missed Call
Extreme Movie
The Oogieloves in the Big Balloon Adventure
Material Girls.
2018-09-10 13:59:48,949:INFO:MainThread:Received command: 42 in channel: channel
2018-09-10 13:59:48,950:INFO:MainThread:Reponded with 
Life, the Universe, and Everything.
2018-09-10 13:59:49,104:INFO:MainThread:Received command: top10movies in channel: channel
2018-09-10 13:59:50,033:INFO:MainThread:Reponded with 
The Shawshank Redemption
The Godfather
The Godfather: Part II
The Dark Knight
12 Angry Men
Schindler's List
The Lord of the Rings: The Return of the King
Pulp Fiction
The Good, the Bad and the Ugly
Fight Club.
2018-09-10 13:59:50,171:INFO:MainThread:Received command: worst10movies in channel: channel
2018-09-10 13:59:50,786:INFO:MainThread:Reponded with 
Fifty Shades of Grey
Furry Vengeance
RoboCop 3
Book of Shadows: Blair Witch 2
Plan 9 from Outer Space
Super Mario Bros.
One Missed Call
Extreme Movie
The Oogieloves in the Big Balloon Adventure
Material Girls.
2018-09-10 14:02:15,390:INFO:MainThread:Received command: 42 in channel: channel
2018-09-10 14:02:15,390:INFO:MainThread:Reponded with 
Life, the Universe, and Everything.
2018-09-10 14:02:15,539:INFO:MainThread:Received command: top10movies in channel: channel
2018-09-10 14:02:16,269:INFO:MainThread:Reponded with 
The Shawshank Redemption
The Godfather
The Godfather: Part II
The Dark Knight
12 Angry Men
Schindler's List
The Lord of the Rings: The Return of the King
Pulp Fiction
The Good, the Bad and the Ugly
Fight Club.
2018-09-10 14:02:16,423:INFO:MainThread:Received command: worst10movies in channel: channel
2018-09-10 14:02:17,007:INFO:MainThread:Reponded with 
Fifty Shades of Grey
Furry Vengeance
RoboCop 3
Book of Shadows: Blair Witch 2
Plan 9 from Outer Space
Super Mario Bros.
One Missed Call
Extreme Movie
The Oogieloves in the Big Balloon Adventure
Material Girls.
2018-09-10 14:02:49,513:INFO:MainThread:Received command: 42 in channel: channel
2018-09-10 14:02:49,513:INFO:MainThread:Reponded with 
Life, the Universe, and Everything.
2018-09-10 14:02:49,670:INFO:MainThread:Received command: 42 in channel: channel
2018-09-10 14:02:49,670:INFO:MainThread:Reponded with 
Life, the Universe, and Everything.
2018-09-10 14:02:49,834:INFO:MainThread:Received command: top10movies in channel: channel
2018-09-10 14:02:50,486:INFO:MainThread:Reponded with 
The Shawshank Redemption
The Godfather
The Godfather: Part II
The Dark Knight
12 Angry Men
Schindler's List
The Lord of the Rings: The Return of the King
Pulp Fiction
The Good, the Bad and the Ugly
Fight Club.
2018-09-10 14:02:50,667:INFO:MainThread:Received command: worst10movies in channel: channel
2018-09-10 14:02:51,423:INFO:MainThread:Reponded with 
Fifty Shades of Grey
Furry Vengeance
RoboCop 3
Book of Shadows: Blair Witch 2
Plan 9 from Outer Space
Super Mario Bros.
One Missed Call
Extreme Movie
The Oogieloves in the Big Balloon Adventure
Material Girls.
2018-09-10 14:03:30,558:INFO:MainThread:Received command: 42 in channel: channel
2018-09-10 14:03:30,558:INFO:MainThread:Reponded with 
Life, the Universe, and Everything.
2018-09-10 14:03:30,780:INFO:MainThread:Received command: 42 in channel: channel
2018-09-10 14:03:30,780:INFO:MainThread:Reponded with 
Life, the Universe, and Everything.
2018-09-10 14:03:30,998:INFO:MainThread:Received command: top10movies in channel: channel
2018-09-10 14:03:32,139:INFO:MainThread:Reponded with 
The Shawshank Redemption
The Godfather
The Godfather: Part II
The Dark Knight
12 Angry Men
Schindler's List
The Lord of the Rings: The Return of the King
Pulp Fiction
The Good, the Bad and the Ugly
Fight Club.
2018-09-10 14:03:32,285:INFO:MainThread:Received command: worst10movies in channel: channel
2018-09-10 14:03:33,119:INFO:MainThread:Reponded with 
Fifty Shades of Grey
Furry Vengeance
RoboCop 3
Book of Shadows: Blair Witch 2
Plan 9 from Outer Space
Super Mario Bros.
One Missed Call
Extreme Movie
The Oogieloves in the Big Balloon Adventure
Material Girls.
2018-09-10 14:04:04,367:INFO:MainThread:Received command: top10movies in channel: channel
2018-09-10 14:04:05,121:INFO:MainThread:Reponded with 
The Shawshank Redemption
The Godfather
The Godfather: Part II
The Dark Knight
12 Angry Men
Schindler's List
The Lord of the Rings: The Return of the King
Pulp Fiction
The Good, the Bad and the Ugly
Fight Club.
2018-09-10 14:04:05,289:INFO:MainThread:Received command: 42 in channel: channel
2018-09-10 14:04:05,289:INFO:MainThread:Reponded with 
Life, the Universe, and Everything.
2018-09-10 14:04:05,480:INFO:MainThread:Received command: top10movies in channel: channel
2018-09-10 14:04:06,084:INFO:MainThread:Reponded with 
The Shawshank Redemption
The Godfather
The Godfather: Part II
The Dark Knight
12 Angry Men
Schindler's List
The Lord of the Rings: The Return of the King
Pulp Fiction
The Good, the Bad and the Ugly
Fight Club.
2018-09-10 14:04:06,223:INFO:MainThread:Received command: worst10movies in channel: channel
2018-09-10 14:04:06,854:INFO:MainThread:Reponded with 
Fifty Shades of Grey
Furry Vengeance
RoboCop 3
Book of Shadows: Blair Witch 2
Plan 9 from Outer Space
Super Mario Bros.
One Missed Call
Extreme Movie
The Oogieloves in the Big Balloon Adventure
Material Girls.
2018-09-10 14:04:45,471:INFO:MainThread:Received command: help in channel: channel
2018-09-10 14:04:45,471:INFO:MainThread:Reponded with 
None.
2018-09-10 14:04:45,616:INFO:MainThread:Received command: 42 in channel: channel
2018-09-10 14:04:45,616:INFO:MainThread:Reponded with 
Life, the Universe, and Everything.
2018-09-10 14:04:45,797:INFO:MainThread:Received command: top10movies in channel: channel
2018-09-10 14:04:46,531:INFO:MainThread:Reponded with 
The Shawshank Redemption
The Godfather
The Godfather: Part II
The Dark Knight
12 Angry Men
Schindler's List
The Lord of the Rings: The Return of the King
Pulp Fiction
The Good, the Bad and the Ugly
Fight Club.
2018-09-10 14:04:46,679:INFO:MainThread:Received command: worst10movies in channel: channel
2018-09-10 14:04:47,291:INFO:MainThread:Reponded with 
Fifty Shades of Grey
Furry Vengeance
RoboCop 3
Book of Shadows: Blair Witch 2
Plan 9 from Outer Space
Super Mario Bros.
One Missed Call
Extreme Movie
The Oogieloves in the Big Balloon Adventure
Material Girls.
2018-09-12 13:14:12,134:INFO:MainThread:Nick_Bot running!
2018-09-12 13:15:27,210:WARNING:MainThread:Received signal: 2
2018-09-12 13:15:27,211:INFO:MainThread:Shutting Down! Nick_Bot uptime: 75.0762560368 seconds.
2018-09-12 13:15:56,161:INFO:MainThread:Nick_Bot running!
2018-09-12 13:17:06,670:WARNING:MainThread:Received signal: 2
2018-09-12 13:17:06,670:INFO:MainThread:Shutting Down! Nick_Bot uptime: 70.5093750954 seconds.
2018-09-12 13:17:09,146:INFO:MainThread:Nick_Bot running!
2018-09-12 13:22:22,732:WARNING:MainThread:Received signal: 2
2018-09-12 13:22:22,733:INFO:MainThread:Shutting Down! Nick_Bot uptime: 313.587594986 seconds.
2018-09-12 13:22:25,766:INFO:MainThread:Nick_Bot running!
2018-09-12 13:24:21,769:WARNING:MainThread:Received signal: 2
2018-09-12 13:24:21,770:INFO:MainThread:Shutting Down! Nick_Bot uptime: 116.004255056 seconds.
2018-09-12 13:25:28,784:INFO:MainThread:Nick_Bot running!
2018-09-12 13:27:08,027:WARNING:MainThread:Received signal: 2
2018-09-12 13:27:08,028:INFO:MainThread:Shutting Down! Nick_Bot uptime: 99.2444219589 seconds.
2018-09-12 13:27:10,399:INFO:MainThread:Nick_Bot running!
2018-09-12 13:28:11,560:WARNING:MainThread:Received signal: 2
2018-09-12 13:28:11,561:INFO:MainThread:Shutting Down! Nick_Bot uptime: 61.1611819267 seconds.
2018-09-12 13:28:13,364:INFO:MainThread:Nick_Bot running!
2018-09-12 13:29:31,527:WARNING:MainThread:Received signal: 2
2018-09-12 13:29:31,527:INFO:MainThread:Shutting Down! Nick_Bot uptime: 78.1624701023 seconds.
2018-09-12 13:29:34,082:INFO:MainThread:Nick_Bot running!
2018-09-12 13:30:59,489:WARNING:MainThread:Received signal: 2
2018-09-12 13:30:59,489:INFO:MainThread:Shutting Down! Nick_Bot uptime: 85.4069721699 seconds.
2018-09-12 13:31:34,667:INFO:MainThread:Nick_Bot running!
2018-09-12 13:32:59,893:WARNING:MainThread:Received signal: 2
2018-09-12 13:32:59,895:INFO:MainThread:Shutting Down! Nick_Bot uptime: 85.227627039 seconds.
2018-09-12 13:33:01,600:INFO:MainThread:Nick_Bot running!
2018-09-12 13:45:06,024:WARNING:MainThread:Received signal: 2
2018-09-12 13:45:06,025:INFO:MainThread:Shutting Down! Nick_Bot uptime: 724.424934864 seconds.
2018-09-12 13:48:31,747:INFO:MainThread:Nick_Bot running!
2018-09-12 13:48:35,017:WARNING:MainThread:Received signal: 2
2018-09-12 13:48:35,018:INFO:MainThread:Shutting Down! Nick_Bot uptime: 3.27092885971 seconds.
2018-09-12 13:48:55,028:INFO:MainThread:Nick_Bot running!
2018-09-12 13:49:21,960:WARNING:MainThread:Received signal: 2
2018-09-12 13:49:21,961:INFO:MainThread:Shutting Down! Nick_Bot uptime: 26.9325010777 seconds.
2018-09-12 13:49:23,429:INFO:MainThread:Nick_Bot running!
2018-09-12 13:50:58,581:WARNING:MainThread:Received signal: 2
2018-09-12 13:50:58,582:INFO:MainThread:Shutting Down! Nick_Bot uptime: 95.1523780823 seconds.
2018-09-12 13:51:51,357:INFO:MainThread:Nick_Bot running!
2018-09-12 13:54:31,367:WARNING:MainThread:Received signal: 2
2018-09-12 13:54:31,368:INFO:MainThread:Shutting Down! Nick_Bot uptime: 160.011225939 seconds.
2018-09-12 13:54:33,229:INFO:MainThread:Nick_Bot running!
2018-09-12 13:56:00,524:WARNING:MainThread:Received signal: 2
2018-09-12 13:56:00,524:INFO:MainThread:Shutting Down! Nick_Bot uptime: 87.2951858044 seconds.
2018-09-12 13:56:02,727:INFO:MainThread:Nick_Bot running!
2018-09-12 13:56:11,091:WARNING:MainThread:Received signal: 2
2018-09-12 13:56:11,091:INFO:MainThread:Shutting Down! Nick_Bot uptime: 8.36327505112 seconds.
2018-09-12 14:02:53,811:INFO:MainThread:Nick_Bot running!
2018-09-12 14:05:08,332:WARNING:MainThread:Received signal: 2
2018-09-12 14:05:08,332:INFO:MainThread:Shutting Down! Nick_Bot uptime: 134.521533012 seconds.
2018-09-12 14:51:02,727:INFO:MainThread:Nick_Bot running!
2018-09-12 14:51:02,908:ERROR:MainThread:<type 'exceptions.Exception'>
Traceback (most recent call last):
  File "slackbot.py", line 136, in main
    command, channel, user_id = parse_bot_commands(sc.rtm_read())
ValueError: need more than 2 values to unpack
2018-09-12 14:51:02,909:INFO:MainThread:Restarting...
2018-09-12 14:51:07,911:ERROR:MainThread:<type 'exceptions.Exception'>
Traceback (most recent call last):
  File "slackbot.py", line 136, in main
    command, channel, user_id = parse_bot_commands(sc.rtm_read())
ValueError: need more than 2 values to unpack
2018-09-12 14:51:07,912:INFO:MainThread:Restarting...
2018-09-12 14:51:12,916:ERROR:MainThread:<type 'exceptions.Exception'>
Traceback (most recent call last):
  File "slackbot.py", line 136, in main
    command, channel, user_id = parse_bot_commands(sc.rtm_read())
ValueError: need more than 2 values to unpack
2018-09-12 14:51:12,916:INFO:MainThread:Restarting...
2018-09-12 14:51:17,922:ERROR:MainThread:<type 'exceptions.Exception'>
Traceback (most recent call last):
  File "slackbot.py", line 136, in main
    command, channel, user_id = parse_bot_commands(sc.rtm_read())
ValueError: need more than 2 values to unpack
2018-09-12 14:51:17,922:INFO:MainThread:Restarting...
2018-09-12 14:51:22,926:ERROR:MainThread:<type 'exceptions.Exception'>
Traceback (most recent call last):
  File "slackbot.py", line 136, in main
    command, channel, user_id = parse_bot_commands(sc.rtm_read())
ValueError: need more than 2 values to unpack
2018-09-12 14:51:22,926:INFO:MainThread:Restarting...
2018-09-12 14:51:27,930:ERROR:MainThread:<type 'exceptions.Exception'>
Traceback (most recent call last):
  File "slackbot.py", line 136, in main
    command, channel, user_id = parse_bot_commands(sc.rtm_read())
ValueError: need more than 2 values to unpack
2018-09-12 14:51:27,930:INFO:MainThread:Restarting...
2018-09-12 14:51:32,934:ERROR:MainThread:<type 'exceptions.Exception'>
Traceback (most recent call last):
  File "slackbot.py", line 136, in main
    command, channel, user_id = parse_bot_commands(sc.rtm_read())
ValueError: need more than 2 values to unpack
2018-09-12 14:51:32,934:INFO:MainThread:Restarting...
2018-09-12 14:51:34,628:WARNING:MainThread:Received signal: 2
2018-09-12 14:51:34,630:INFO:MainThread:Shutting Down! Nick_Bot uptime: 31.9026801586 seconds.
2018-09-12 15:04:51,583:INFO:MainThread:Nick_Bot running!
2018-09-12 15:05:12,347:WARNING:MainThread:Received signal: 2
2018-09-12 15:05:12,347:INFO:MainThread:Shutting Down! Nick_Bot uptime: 20.7639539242 seconds.
2018-09-12 15:05:22,999:INFO:MainThread:Nick_Bot running!
2018-09-12 15:07:52,654:WARNING:MainThread:Received signal: 2
2018-09-12 15:07:52,654:INFO:MainThread:Shutting Down! Nick_Bot uptime: 149.655510902 seconds.
2018-09-12 15:07:54,601:INFO:MainThread:Nick_Bot running!
2018-09-12 15:11:07,168:WARNING:MainThread:Received signal: 2
2018-09-12 15:11:07,168:INFO:MainThread:Shutting Down! Nick_Bot uptime: 192.56697607 seconds.
2018-09-12 15:11:30,295:INFO:MainThread:Nick_Bot running!
2018-09-12 15:11:49,768:ERROR:MainThread:<type 'exceptions.Exception'>
Traceback (most recent call last):
  File "slackbot.py", line 141, in main
    command, channel = parse_bot_commands(sc.rtm_read())
  File "slackbot.py", line 55, in parse_bot_commands
    username = sc.api_call('users.info')['name']
KeyError: 'name'
2018-09-12 15:11:49,769:INFO:MainThread:Restarting...
2018-09-12 15:12:19,781:WARNING:MainThread:Received signal: 2
2018-09-12 15:12:19,781:INFO:MainThread:Shutting Down! Nick_Bot uptime: 49.4868049622 seconds.
2018-09-12 15:14:04,171:INFO:MainThread:Nick_Bot running!
2018-09-12 15:14:16,627:ERROR:MainThread:<type 'exceptions.Exception'>
Traceback (most recent call last):
  File "slackbot.py", line 141, in main
    command, channel = parse_bot_commands(sc.rtm_read())
  File "slackbot.py", line 55, in parse_bot_commands
    username = sc.api_call('users.info', user=user_id)['name']
KeyError: 'name'
2018-09-12 15:14:16,627:INFO:MainThread:Restarting...
2018-09-12 15:14:26,514:WARNING:MainThread:Received signal: 2
2018-09-12 15:14:26,514:INFO:MainThread:Shutting Down! Nick_Bot uptime: 22.3423249722 seconds.
2018-09-12 15:14:56,342:INFO:MainThread:Nick_Bot running!
2018-09-12 15:15:09,974:ERROR:MainThread:<type 'exceptions.Exception'>
Traceback (most recent call last):
  File "slackbot.py", line 142, in main
    command, channel = parse_bot_commands(sc.rtm_read())
  File "slackbot.py", line 56, in parse_bot_commands
    username = sc.api_call('users.info', user=user_id)['name']
KeyError: 'name'
2018-09-12 15:15:09,974:INFO:MainThread:Restarting...
2018-09-12 15:16:32,681:ERROR:MainThread:<type 'exceptions.Exception'>
Traceback (most recent call last):
  File "slackbot.py", line 142, in main
    if command:
  File "slackbot.py", line 56, in parse_bot_commands
    sc.api_call(
KeyError: 'name'
2018-09-12 15:16:32,681:INFO:MainThread:Restarting...
2018-09-12 15:16:35,558:WARNING:MainThread:Received signal: 2
2018-09-12 15:16:35,558:INFO:MainThread:Shutting Down! Nick_Bot uptime: 99.2161669731 seconds.
2018-09-12 15:16:38,289:INFO:MainThread:Nick_Bot running!
2018-09-12 15:16:48,759:ERROR:MainThread:<type 'exceptions.Exception'>
Traceback (most recent call last):
  File "slackbot.py", line 141, in main
    command, channel = parse_bot_commands(sc.rtm_read())
  File "slackbot.py", line 55, in parse_bot_commands
    username = sc.api_call('users.info', user=user_id)['user']['first_name']
KeyError: 'first_name'
2018-09-12 15:16:48,759:INFO:MainThread:Restarting...
2018-09-12 15:18:47,289:WARNING:MainThread:Received signal: 2
2018-09-12 15:18:47,290:INFO:MainThread:Shutting Down! Nick_Bot uptime: 129.000423193 seconds.
2018-09-12 15:18:49,850:INFO:MainThread:Nick_Bot running!
2018-09-12 15:19:01,298:ERROR:MainThread:<type 'exceptions.Exception'>
Traceback (most recent call last):
  File "slackbot.py", line 143, in main
    command, channel = parse_bot_commands(sc.rtm_read())
  File "slackbot.py", line 55, in parse_bot_commands
    username = sc.api_call('users.info', user=user_id)['user']['first_name']
KeyError: 'first_name'
2018-09-12 15:19:01,298:INFO:MainThread:Restarting...
2018-09-12 15:19:30,135:WARNING:MainThread:Received signal: 2
2018-09-12 15:19:30,136:INFO:MainThread:Shutting Down! Nick_Bot uptime: 40.2854199409 seconds.
2018-09-12 15:19:32,169:INFO:MainThread:Nick_Bot running!
2018-09-12 15:20:02,295:WARNING:MainThread:Received signal: 2
2018-09-12 15:20:02,296:INFO:MainThread:Shutting Down! Nick_Bot uptime: 30.1265950203 seconds.
2018-09-12 15:20:04,179:INFO:MainThread:Nick_Bot running!
2018-09-12 15:20:33,982:WARNING:MainThread:Received signal: 2
2018-09-12 15:20:33,982:INFO:MainThread:Shutting Down! Nick_Bot uptime: 29.8034892082 seconds.
2018-09-12 15:20:35,601:INFO:MainThread:Nick_Bot running!
2018-09-12 15:20:45,102:WARNING:MainThread:Received signal: 2
2018-09-12 15:20:45,102:INFO:MainThread:Shutting Down! Nick_Bot uptime: 9.50171208382 seconds.
2018-09-12 15:20:46,686:INFO:MainThread:Nick_Bot running!
2018-09-12 15:21:20,069:WARNING:MainThread:Received signal: 2
2018-09-12 15:21:20,069:INFO:MainThread:Shutting Down! Nick_Bot uptime: 33.3834409714 seconds.
2018-09-12 15:21:21,964:INFO:MainThread:Nick_Bot running!
2018-09-12 15:22:07,187:WARNING:MainThread:Received signal: 2
2018-09-12 15:22:07,187:INFO:MainThread:Shutting Down! Nick_Bot uptime: 45.2226541042 seconds.
2018-09-12 15:22:09,649:INFO:MainThread:Nick_Bot running!
2018-09-12 15:23:07,185:WARNING:MainThread:Received signal: 2
2018-09-12 15:23:07,186:INFO:MainThread:Shutting Down! Nick_Bot uptime: 57.5367410183 seconds.
2018-09-12 15:23:09,278:INFO:MainThread:Nick_Bot running!
2018-09-12 15:23:32,457:WARNING:MainThread:Received signal: 2
2018-09-12 15:23:32,457:INFO:MainThread:Shutting Down! Nick_Bot uptime: 23.1788129807 seconds.
2018-09-12 15:23:34,861:INFO:MainThread:Nick_Bot running!
2018-09-12 15:24:20,791:WARNING:MainThread:Received signal: 2
2018-09-12 15:24:20,791:INFO:MainThread:Shutting Down! Nick_Bot uptime: 45.9304449558 seconds.
2018-09-12 15:24:23,294:INFO:MainThread:Nick_Bot running!
2018-09-12 15:26:18,412:WARNING:MainThread:Received signal: 2
2018-09-12 15:26:18,413:INFO:MainThread:Shutting Down! Nick_Bot uptime: 115.119334936 seconds.
2018-09-12 15:26:20,299:INFO:MainThread:Nick_Bot running!
2018-09-12 15:33:17,574:WARNING:MainThread:Received signal: 2
2018-09-12 15:33:17,575:INFO:MainThread:Shutting Down! Nick_Bot uptime: 417.275609016 seconds.
